Command line:
   FSM_isim_beh.exe
     -simmode  gui
     -simrunnum  0
     -socket  8477

Fri Dec 27 21:37:33 2024


 Elaboration Time: 0.03125 sec

 Current Memory Usage: 5150.57 Meg

 Total Signals          : 18
 Total Nets             : 47
 Total Signal Drivers   : 12
 Total Blocks           : 5
 Total Primitive Blocks : 2
 Total Processes        : 16
 Total Traceable Variables  : 31
 Total Scalar Nets and Variables : 182
Total Line Count : 77

 Total Simulation Time: 0.046875 sec

 Current Memory Usage: 5150.57 Meg

Fri Dec 27 21:37:38 2024

